D:\COMPROSEC3\LOOP\AREACAL\AREACAL\DEBUG\AREACAL.EXE.EMBED.MANIFEST
D:\COMPROSEC3\LOOP\AREACAL\AREACAL\DEBUG\AREACAL.EXE.EMBED.MANIFEST.RES
D:\COMPROSEC3\LOOP\AREACAL\AREACAL\DEBUG\AREACAL.EXE.INTERMEDIATE.MANIFEST
D:\COMPROSEC3\LOOP\AREACAL\AREACAL\DEBUG\AREACAL.OBJ
D:\ComproSec3\loop\areaCal\areaCal\Debug\areaCal.vcxprojResolveAssemblyReference.cache
D:\ComproSec3\loop\areaCal\areaCal\Debug\areaCal.write.1.tlog
D:\ComproSec3\loop\areaCal\areaCal\Debug\areaCal_manifest.rc
D:\ComproSec3\loop\areaCal\areaCal\Debug\cl.command.1.tlog
D:\ComproSec3\loop\areaCal\areaCal\Debug\CL.read.1.tlog
D:\ComproSec3\loop\areaCal\areaCal\Debug\CL.write.1.tlog
D:\ComproSec3\loop\areaCal\areaCal\Debug\link.10180.read.1.tlog
D:\ComproSec3\loop\areaCal\areaCal\Debug\link.10180.write.1.tlog
D:\ComproSec3\loop\areaCal\areaCal\Debug\link.10180-cvtres.read.1.tlog
D:\ComproSec3\loop\areaCal\areaCal\Debug\link.10180-cvtres.write.1.tlog
D:\ComproSec3\loop\areaCal\areaCal\Debug\link.3032.read.1.tlog
D:\ComproSec3\loop\areaCal\areaCal\Debug\link.3032.write.1.tlog
D:\ComproSec3\loop\areaCal\areaCal\Debug\link.3032-cvtres.read.1.tlog
D:\ComproSec3\loop\areaCal\areaCal\Debug\link.3032-cvtres.write.1.tlog
D:\ComproSec3\loop\areaCal\areaCal\Debug\link.command.1.tlog
D:\ComproSec3\loop\areaCal\areaCal\Debug\link.read.1.tlog
D:\ComproSec3\loop\areaCal\areaCal\Debug\link.write.1.tlog
D:\ComproSec3\loop\areaCal\areaCal\Debug\link-cvtres.read.1.tlog
D:\ComproSec3\loop\areaCal\areaCal\Debug\link-cvtres.write.1.tlog
D:\ComproSec3\loop\areaCal\areaCal\Debug\mt.command.1.tlog
D:\ComproSec3\loop\areaCal\areaCal\Debug\mt.read.1.tlog
D:\ComproSec3\loop\areaCal\areaCal\Debug\mt.write.1.tlog
D:\ComproSec3\loop\areaCal\areaCal\Debug\rc.command.1.tlog
D:\ComproSec3\loop\areaCal\areaCal\Debug\rc.read.1.tlog
D:\ComproSec3\loop\areaCal\areaCal\Debug\rc.write.1.tlog
D:\ComproSec3\loop\areaCal\areaCal\Debug\vc100.idb
D:\COMPROSEC3\LOOP\AREACAL\AREACAL\DEBUG\VC100.PDB
D:\COMPROSEC3\LOOP\AREACAL\DEBUG\AREACAL.EXE
D:\COMPROSEC3\LOOP\AREACAL\DEBUG\AREACAL.ILK
D:\COMPROSEC3\LOOP\AREACAL\DEBUG\AREACAL.PDB
